#
# There is insufficient memory for the Java Runtime Environment to continue.
# Native memory allocation (malloc) failed to allocate 1372816 bytes for Chunk::new
# Possible reasons:
#   The system is out of physical RAM or swap space
#   The process is running with CompressedOops enabled, and the Java Heap may be blocking the growth of the native heap
# Possible solutions:
#   Reduce memory load on the system
#   Increase physical memory or swap space
#   Check if swap backing store is full
#   Decrease Java heap size (-Xmx/-Xms)
#   Decrease number of Java threads
#   Decrease Java thread stack sizes (-Xss)
#   Set larger code cache with -XX:ReservedCodeCacheSize=
#   JVM is running with Zero Based Compressed Oops mode in which the Java heap is
#     placed in the first 32GB address space. The Java Heap base address is the
#     maximum limit for the native heap growth. Please use -XX:HeapBaseMinAddress
#     to set the Java Heap base and to place the Java Heap above 32GB virtual address.
# This output file may be truncated or incomplete.
#
#  Out of Memory Error (arena.cpp:189), pid=6816, tid=13984
#
# JRE version: Java(TM) SE Runtime Environment (17.0.14+8) (build 17.0.14+8-LTS-191)
# Java VM: Java HotSpot(TM) 64-Bit Server VM (17.0.14+8-LTS-191, mixed mode, sharing, tiered, compressed oops, compressed class ptrs, g1 gc, windows-amd64)
# No core dump will be written. Minidumps are not enabled by default on client versions of Windows
#

---------------  S U M M A R Y ------------

Command Line: -Dclassworlds.conf=C:\Users\us\Downloads\apache-maven-3.9.9-bin\apache-maven-3.9.9\bin\m2.conf -Dmaven.home=C:\Users\us\Downloads\apache-maven-3.9.9-bin\apache-maven-3.9.9 -Dlibrary.jansi.path=C:\Users\us\Downloads\apache-maven-3.9.9-bin\apache-maven-3.9.9\lib\jansi-native -Dmaven.multiModuleProjectDirectory=C:\Karthik new workspace\New Module\DATEPROJECT org.codehaus.plexus.classworlds.launcher.Launcher clean install

Host: 11th Gen Intel(R) Core(TM) i5-1145G7 @ 2.60GHz, 8 cores, 15G,  Windows 11 , 64 bit Build 26100 (10.0.26100.4202)
Time: Tue Jul 15 20:09:07 2025 India Standard Time elapsed time: 30.487819 seconds (0d 0h 0m 30s)

---------------  T H R E A D  ---------------

Current thread (0x000002340657f9a0):  JavaThread "C2 CompilerThread2" daemon [_thread_in_native, id=13984, stack(0x00000048d3c00000,0x00000048d3d00000)]


Current CompileTask:
C2:  30487 8437       4       com.sun.tools.javac.comp.Resolve::findType (512 bytes)

Stack: [0x00000048d3c00000,0x00000048d3d00000]
Native frames: (J=compiled Java code, j=interpreted, Vv=VM code, C=native code)
V  [jvm.dll+0x67a38a]
V  [jvm.dll+0x7da7ed]
V  [jvm.dll+0x7dc133]
V  [jvm.dll+0x7dc7a3]
V  [jvm.dll+0x24517f]
V  [jvm.dll+0xab773]
V  [jvm.dll+0xabd3c]
V  [jvm.dll+0x361dff]
V  [jvm.dll+0x1ba28a]
V  [jvm.dll+0x216a97]
V  [jvm.dll+0x215d6f]
V  [jvm.dll+0x1a2950]
V  [jvm.dll+0x22620b]
V  [jvm.dll+0x2243ab]
V  [jvm.dll+0x790bbc]
V  [jvm.dll+0x78b04a]
V  [jvm.dll+0x679275]
C  [ucrtbase.dll+0x37b0]
C  [KERNEL32.DLL+0x2e8d7]
C  [ntdll.dll+0x3c34c]


---------------  P R O C E S S  ---------------

Threads class SMR info:
_java_thread_list=0x00000234066fe670, length=15, elements={
0x0000023419550860, 0x000002343c98c0a0, 0x000002343c98cc60, 0x000002343c9a5740,
0x000002343c9a6100, 0x000002343c9a6ac0, 0x000002343c9a7c20, 0x000002343c9aade0,
0x000002343c9ac7b0, 0x000002343c9ad860, 0x000002343cc08fb0, 0x000002343cc12160,
0x000002347ee04720, 0x000002347f05ea40, 0x000002340657f9a0
}

Java Threads: ( => current thread )
  0x0000023419550860 JavaThread "main" [_thread_in_vm, id=19876, stack(0x00000048d2000000,0x00000048d2100000)]
  0x000002343c98c0a0 JavaThread "Reference Handler" daemon [_thread_blocked, id=22944, stack(0x00000048d2700000,0x00000048d2800000)]
  0x000002343c98cc60 JavaThread "Finalizer" daemon [_thread_blocked, id=27472, stack(0x00000048d2800000,0x00000048d2900000)]
  0x000002343c9a5740 JavaThread "Signal Dispatcher" daemon [_thread_blocked, id=1812, stack(0x00000048d2900000,0x00000048d2a00000)]
  0x000002343c9a6100 JavaThread "Attach Listener" daemon [_thread_blocked, id=22028, stack(0x00000048d2a00000,0x00000048d2b00000)]
  0x000002343c9a6ac0 JavaThread "Service Thread" daemon [_thread_blocked, id=20384, stack(0x00000048d2b00000,0x00000048d2c00000)]
  0x000002343c9a7c20 JavaThread "Monitor Deflation Thread" daemon [_thread_blocked, id=8476, stack(0x00000048d2c00000,0x00000048d2d00000)]
  0x000002343c9aade0 JavaThread "C2 CompilerThread0" daemon [_thread_in_native, id=11120, stack(0x00000048d2d00000,0x00000048d2e00000)]
  0x000002343c9ac7b0 JavaThread "C1 CompilerThread0" daemon [_thread_in_native, id=27480, stack(0x00000048d2e00000,0x00000048d2f00000)]
  0x000002343c9ad860 JavaThread "Sweeper thread" daemon [_thread_blocked, id=13140, stack(0x00000048d2f00000,0x00000048d3000000)]
  0x000002343cc08fb0 JavaThread "Notification Thread" daemon [_thread_blocked, id=5944, stack(0x00000048d3000000,0x00000048d3100000)]
  0x000002343cc12160 JavaThread "Common-Cleaner" daemon [_thread_blocked, id=6484, stack(0x00000048d3200000,0x00000048d3300000)]
  0x000002347ee04720 JavaThread "Thread-1" daemon [_thread_blocked, id=13708, stack(0x00000048d3b00000,0x00000048d3c00000)]
  0x000002347f05ea40 JavaThread "C2 CompilerThread1" daemon [_thread_in_native, id=18084, stack(0x00000048d3a00000,0x00000048d3b00000)]
=>0x000002340657f9a0 JavaThread "C2 CompilerThread2" daemon [_thread_in_native, id=13984, stack(0x00000048d3c00000,0x00000048d3d00000)]

Other Threads:
  0x000002343c988a50 VMThread "VM Thread" [stack: 0x00000048d2600000,0x00000048d2700000] [id=23944]
  0x000002343cc118c0 WatcherThread [stack: 0x00000048d3100000,0x00000048d3200000] [id=14180]
  0x00000234195bd630 GCTaskThread "GC Thread#0" [stack: 0x00000048d2100000,0x00000048d2200000] [id=6580]
  0x000002347e7020a0 GCTaskThread "GC Thread#1" [stack: 0x00000048d3400000,0x00000048d3500000] [id=23336]
  0x000002347e70b600 GCTaskThread "GC Thread#2" [stack: 0x00000048d3500000,0x00000048d3600000] [id=16452]
  0x000002347e4e3bc0 GCTaskThread "GC Thread#3" [stack: 0x00000048d3600000,0x00000048d3700000] [id=27352]
  0x000002347e776560 GCTaskThread "GC Thread#4" [stack: 0x00000048d3700000,0x00000048d3800000] [id=19188]
  0x000002347e776820 GCTaskThread "GC Thread#5" [stack: 0x00000048d3800000,0x00000048d3900000] [id=3968]
  0x000002347e789340 GCTaskThread "GC Thread#6" [stack: 0x00000048d3900000,0x00000048d3a00000] [id=19816]
  0x000002347ec40470 GCTaskThread "GC Thread#7" [stack: 0x00000048d3300000,0x00000048d3400000] [id=16820]
  0x00000234195cee20 ConcurrentGCThread "G1 Main Marker" [stack: 0x00000048d2200000,0x00000048d2300000] [id=25248]
  0x00000234195d16f0 ConcurrentGCThread "G1 Conc#0" [stack: 0x00000048d2300000,0x00000048d2400000] [id=27380]
  0x00000234049d2870 ConcurrentGCThread "G1 Conc#1" [stack: 0x00000048d3d00000,0x00000048d3e00000] [id=6748]
  0x000002341961dd20 ConcurrentGCThread "G1 Refine#0" [stack: 0x00000048d2400000,0x00000048d2500000] [id=8004]
  0x000002347e2bd0c0 ConcurrentGCThread "G1 Refine#1" [stack: 0x00000048d3e00000,0x00000048d3f00000] [id=10576]
  0x000002341961e5f0 ConcurrentGCThread "G1 Service" [stack: 0x00000048d2500000,0x00000048d2600000] [id=12852]

Threads with active compile tasks:
C2 CompilerThread0    30543 8503       4       com.sun.tools.javac.jvm.PoolReader$$Lambda$354/0x000002343e31a080::map (11 bytes)
C1 CompilerThread0    30543 8594       3       com.sun.tools.javac.comp.Attr::attribIdent (63 bytes)
C2 CompilerThread1    30543 8582   !   4       com.sun.tools.javac.comp.Resolve::loadClass (83 bytes)
C2 CompilerThread2    30543 8437       4       com.sun.tools.javac.comp.Resolve::findType (512 bytes)

VM state: not at safepoint (normal execution)

VM Mutex/Monitor currently owned by a thread: None

Heap address: 0x0000000704200000, size: 4030 MB, Compressed Oops mode: Zero based, Oop shift amount: 3

CDS archive(s) mapped at: [0x000002343d000000-0x000002343dbd0000-0x000002343dbd0000), size 12386304, SharedBaseAddress: 0x000002343d000000, ArchiveRelocationMode: 1.
Compressed class space mapped at: 0x000002343e000000-0x000002347e000000, reserved size: 1073741824
Narrow klass base: 0x000002343d000000, Narrow klass shift: 0, Narrow klass range: 0x100000000

GC Precious Log:
 CPUs: 8 total, 8 available
 Memory: 16118M
 Large Page Support: Disabled
 NUMA Support: Disabled
 Compressed Oops: Enabled (Zero based)
 Heap Region Size: 2M
 Heap Min Capacity: 8M
 Heap Initial Capacity: 252M
 Heap Max Capacity: 4030M
 Pre-touch: Disabled
 Parallel Workers: 8
 Concurrent Workers: 2
 Concurrent Refinement Workers: 8
 Periodic GC: Disabled

Heap:
 garbage-first heap   total 227328K, used 86778K [0x0000000704200000, 0x0000000800000000)
  region size 2048K, 13 young (26624K), 4 survivors (8192K)
 Metaspace       used 31441K, committed 31808K, reserved 1114112K
  class space    used 3493K, committed 3648K, reserved 1048576K

Heap Regions: E=young(eden), S=young(survivor), O=old, HS=humongous(starts), HC=humongous(continues), CS=collection set, F=free, OA=open archive, CA=closed archive, TAMS=top-at-mark-start (previous, next)
|   0|0x0000000704200000, 0x0000000704400000, 0x0000000704400000|100%| O|  |TAMS 0x0000000704400000, 0x0000000704200000| Untracked 
|   1|0x0000000704400000, 0x0000000704600000, 0x0000000704600000|100%| O|  |TAMS 0x0000000704600000, 0x0000000704400000| Untracked 
|   2|0x0000000704600000, 0x0000000704800000, 0x0000000704800000|100%| O|  |TAMS 0x0000000704800000, 0x0000000704600000| Untracked 
|   3|0x0000000704800000, 0x0000000704a00000, 0x0000000704a00000|100%| O|  |TAMS 0x0000000704a00000, 0x0000000704800000| Untracked 
|   4|0x0000000704a00000, 0x0000000704c00000, 0x0000000704c00000|100%|HS|  |TAMS 0x0000000704c00000, 0x0000000704a00000| Complete 
|   5|0x0000000704c00000, 0x0000000704e00000, 0x0000000704e00000|100%| O|  |TAMS 0x0000000704e00000, 0x0000000704c00000| Untracked 
|   6|0x0000000704e00000, 0x0000000705000000, 0x0000000705000000|100%| O|  |TAMS 0x0000000705000000, 0x0000000704e00000| Untracked 
|   7|0x0000000705000000, 0x0000000705200000, 0x0000000705200000|100%| O|  |TAMS 0x0000000705200000, 0x0000000705000000| Untracked 
|   8|0x0000000705200000, 0x0000000705400000, 0x0000000705400000|100%| O|  |TAMS 0x0000000705400000, 0x0000000705200000| Untracked 
|   9|0x0000000705400000, 0x0000000705600000, 0x0000000705600000|100%| O|  |TAMS 0x0000000705600000, 0x0000000705400000| Untracked 
|  10|0x0000000705600000, 0x0000000705800000, 0x0000000705800000|100%| O|  |TAMS 0x0000000705800000, 0x0000000705600000| Untracked 
|  11|0x0000000705800000, 0x0000000705a00000, 0x0000000705a00000|100%| O|  |TAMS 0x0000000705a00000, 0x0000000705800000| Untracked 
|  12|0x0000000705a00000, 0x0000000705c00000, 0x0000000705c00000|100%| O|  |TAMS 0x0000000705c00000, 0x0000000705a00000| Untracked 
|  13|0x0000000705c00000, 0x0000000705e00000, 0x0000000705e00000|100%| O|  |TAMS 0x0000000705e00000, 0x0000000705c00000| Untracked 
|  14|0x0000000705e00000, 0x0000000706000000, 0x0000000706000000|100%| O|  |TAMS 0x0000000706000000, 0x0000000705e00000| Untracked 
|  15|0x0000000706000000, 0x0000000706200000, 0x0000000706200000|100%| O|  |TAMS 0x0000000706200000, 0x0000000706000000| Untracked 
|  16|0x0000000706200000, 0x0000000706400000, 0x0000000706400000|100%| O|  |TAMS 0x0000000706400000, 0x0000000706200000| Untracked 
|  17|0x0000000706400000, 0x0000000706600000, 0x0000000706600000|100%| O|  |TAMS 0x0000000706600000, 0x0000000706400000| Untracked 
|  18|0x0000000706600000, 0x0000000706800000, 0x0000000706800000|100%| O|  |TAMS 0x0000000706800000, 0x0000000706600000| Untracked 
|  19|0x0000000706800000, 0x0000000706a00000, 0x0000000706a00000|100%| O|  |TAMS 0x0000000706a00000, 0x0000000706800000| Untracked 
|  20|0x0000000706a00000, 0x0000000706c00000, 0x0000000706c00000|100%| O|  |TAMS 0x0000000706c00000, 0x0000000706a00000| Untracked 
|  21|0x0000000706c00000, 0x0000000706e00000, 0x0000000706e00000|100%| O|  |TAMS 0x0000000706e00000, 0x0000000706c00000| Untracked 
|  22|0x0000000706e00000, 0x0000000707000000, 0x0000000707000000|100%| O|  |TAMS 0x0000000707000000, 0x0000000706e00000| Untracked 
|  23|0x0000000707000000, 0x0000000707200000, 0x0000000707200000|100%| O|  |TAMS 0x0000000707200000, 0x0000000707000000| Untracked 
|  24|0x0000000707200000, 0x0000000707400000, 0x0000000707400000|100%| O|  |TAMS 0x0000000707400000, 0x0000000707200000| Untracked 
|  25|0x0000000707400000, 0x0000000707600000, 0x0000000707600000|100%| O|  |TAMS 0x0000000707600000, 0x0000000707400000| Untracked 
|  26|0x0000000707600000, 0x0000000707800000, 0x0000000707800000|100%|HS|  |TAMS 0x0000000707800000, 0x0000000707600000| Complete 
|  27|0x0000000707800000, 0x0000000707a00000, 0x0000000707a00000|100%| O|  |TAMS 0x0000000707a00000, 0x0000000707800000| Untracked 
|  28|0x0000000707a00000, 0x0000000707c00000, 0x0000000707c00000|100%| O|  |TAMS 0x0000000707c00000, 0x0000000707a00000| Untracked 
|  29|0x0000000707c00000, 0x0000000707c24800, 0x0000000707e00000|  7%| O|  |TAMS 0x0000000707c24800, 0x0000000707c00000| Untracked 
|  30|0x0000000707e00000, 0x0000000707e00000, 0x0000000708000000|  0%| F|  |TAMS 0x0000000707e00000, 0x0000000707e00000| Untracked 
|  31|0x0000000708000000, 0x0000000708000000, 0x0000000708200000|  0%| F|  |TAMS 0x0000000708000000, 0x0000000708000000| Untracked 
|  32|0x0000000708200000, 0x0000000708200000, 0x0000000708400000|  0%| F|  |TAMS 0x0000000708200000, 0x0000000708200000| Untracked 
|  33|0x0000000708400000, 0x0000000708400000, 0x0000000708600000|  0%| F|  |TAMS 0x0000000708400000, 0x0000000708400000| Untracked 
|  34|0x0000000708600000, 0x0000000708600000, 0x0000000708800000|  0%| F|  |TAMS 0x0000000708600000, 0x0000000708600000| Untracked 
|  35|0x0000000708800000, 0x0000000708800000, 0x0000000708a00000|  0%| F|  |TAMS 0x0000000708800000, 0x0000000708800000| Untracked 
|  36|0x0000000708a00000, 0x0000000708a00000, 0x0000000708c00000|  0%| F|  |TAMS 0x0000000708a00000, 0x0000000708a00000| Untracked 
|  37|0x0000000708c00000, 0x0000000708c00000, 0x0000000708e00000|  0%| F|  |TAMS 0x0000000708c00000, 0x0000000708c00000| Untracked 
|  38|0x0000000708e00000, 0x0000000708e00000, 0x0000000709000000|  0%| F|  |TAMS 0x0000000708e00000, 0x0000000708e00000| Untracked 
|  39|0x0000000709000000, 0x0000000709000000, 0x0000000709200000|  0%| F|  |TAMS 0x0000000709000000, 0x0000000709000000| Untracked 
|  40|0x0000000709200000, 0x0000000709200000, 0x0000000709400000|  0%| F|  |TAMS 0x0000000709200000, 0x0000000709200000| Untracked 
|  41|0x0000000709400000, 0x0000000709400000, 0x0000000709600000|  0%| F|  |TAMS 0x0000000709400000, 0x0000000709400000| Untracked 
|  42|0x0000000709600000, 0x0000000709600000, 0x0000000709800000|  0%| F|  |TAMS 0x0000000709600000, 0x0000000709600000| Untracked 
|  43|0x0000000709800000, 0x0000000709800000, 0x0000000709a00000|  0%| F|  |TAMS 0x0000000709800000, 0x0000000709800000| Untracked 
|  44|0x0000000709a00000, 0x0000000709a00000, 0x0000000709c00000|  0%| F|  |TAMS 0x0000000709a00000, 0x0000000709a00000| Untracked 
|  45|0x0000000709c00000, 0x0000000709c00000, 0x0000000709e00000|  0%| F|  |TAMS 0x0000000709c00000, 0x0000000709c00000| Untracked 
|  46|0x0000000709e00000, 0x0000000709e00000, 0x000000070a000000|  0%| F|  |TAMS 0x0000000709e00000, 0x0000000709e00000| Untracked 
|  47|0x000000070a000000, 0x000000070a000000, 0x000000070a200000|  0%| F|  |TAMS 0x000000070a000000, 0x000000070a000000| Untracked 
|  48|0x000000070a200000, 0x000000070a200000, 0x000000070a400000|  0%| F|  |TAMS 0x000000070a200000, 0x000000070a200000| Untracked 
|  49|0x000000070a400000, 0x000000070a400000, 0x000000070a600000|  0%| F|  |TAMS 0x000000070a400000, 0x000000070a400000| Untracked 
|  50|0x000000070a600000, 0x000000070a600000, 0x000000070a800000|  0%| F|  |TAMS 0x000000070a600000, 0x000000070a600000| Untracked 
|  51|0x000000070a800000, 0x000000070a800000, 0x000000070aa00000|  0%| F|  |TAMS 0x000000070a800000, 0x000000070a800000| Untracked 
|  52|0x000000070aa00000, 0x000000070aa00000, 0x000000070ac00000|  0%| F|  |TAMS 0x000000070aa00000, 0x000000070aa00000| Untracked 
|  53|0x000000070ac00000, 0x000000070ac00000, 0x000000070ae00000|  0%| F|  |TAMS 0x000000070ac00000, 0x000000070ac00000| Untracked 
|  54|0x000000070ae00000, 0x000000070ae00000, 0x000000070b000000|  0%| F|  |TAMS 0x000000070ae00000, 0x000000070ae00000| Untracked 
|  55|0x000000070b000000, 0x000000070b000000, 0x000000070b200000|  0%| F|  |TAMS 0x000000070b000000, 0x000000070b000000| Untracked 
|  56|0x000000070b200000, 0x000000070b29a2f0, 0x000000070b400000| 30%| S|CS|TAMS 0x000000070b200000, 0x000000070b200000| Complete 
|  57|0x000000070b400000, 0x000000070b600000, 0x000000070b600000|100%| S|CS|TAMS 0x000000070b400000, 0x000000070b400000| Complete 
|  58|0x000000070b600000, 0x000000070b800000, 0x000000070b800000|100%| S|CS|TAMS 0x000000070b600000, 0x000000070b600000| Complete 
|  59|0x000000070b800000, 0x000000070ba00000, 0x000000070ba00000|100%| S|CS|TAMS 0x000000070b800000, 0x000000070b800000| Complete 
|  60|0x000000070ba00000, 0x000000070ba00000, 0x000000070bc00000|  0%| F|  |TAMS 0x000000070ba00000, 0x000000070ba00000| Untracked 
|  61|0x000000070bc00000, 0x000000070bc00000, 0x000000070be00000|  0%| F|  |TAMS 0x000000070bc00000, 0x000000070bc00000| Untracked 
|  62|0x000000070be00000, 0x000000070be00000, 0x000000070c000000|  0%| F|  |TAMS 0x000000070be00000, 0x000000070be00000| Untracked 
|  63|0x000000070c000000, 0x000000070c000000, 0x000000070c200000|  0%| F|  |TAMS 0x000000070c000000, 0x000000070c000000| Untracked 
|  64|0x000000070c200000, 0x000000070c200000, 0x000000070c400000|  0%| F|  |TAMS 0x000000070c200000, 0x000000070c200000| Untracked 
|  65|0x000000070c400000, 0x000000070c400000, 0x000000070c600000|  0%| F|  |TAMS 0x000000070c400000, 0x000000070c400000| Untracked 
|  66|0x000000070c600000, 0x000000070c600000, 0x000000070c800000|  0%| F|  |TAMS 0x000000070c600000, 0x000000070c600000| Untracked 
|  67|0x000000070c800000, 0x000000070c800000, 0x000000070ca00000|  0%| F|  |TAMS 0x000000070c800000, 0x000000070c800000| Untracked 
|  68|0x000000070ca00000, 0x000000070ca00000, 0x000000070cc00000|  0%| F|  |TAMS 0x000000070ca00000, 0x000000070ca00000| Untracked 
|  69|0x000000070cc00000, 0x000000070cc00000, 0x000000070ce00000|  0%| F|  |TAMS 0x000000070cc00000, 0x000000070cc00000| Untracked 
|  70|0x000000070ce00000, 0x000000070ce00000, 0x000000070d000000|  0%| F|  |TAMS 0x000000070ce00000, 0x000000070ce00000| Untracked 
|  71|0x000000070d000000, 0x000000070d000000, 0x000000070d200000|  0%| F|  |TAMS 0x000000070d000000, 0x000000070d000000| Untracked 
|  72|0x000000070d200000, 0x000000070d200000, 0x000000070d400000|  0%| F|  |TAMS 0x000000070d200000, 0x000000070d200000| Untracked 
|  73|0x000000070d400000, 0x000000070d400000, 0x000000070d600000|  0%| F|  |TAMS 0x000000070d400000, 0x000000070d400000| Untracked 
|  74|0x000000070d600000, 0x000000070d600000, 0x000000070d800000|  0%| F|  |TAMS 0x000000070d600000, 0x000000070d600000| Untracked 
|  75|0x000000070d800000, 0x000000070d800000, 0x000000070da00000|  0%| F|  |TAMS 0x000000070d800000, 0x000000070d800000| Untracked 
|  76|0x000000070da00000, 0x000000070da00000, 0x000000070dc00000|  0%| F|  |TAMS 0x000000070da00000, 0x000000070da00000| Untracked 
|  77|0x000000070dc00000, 0x000000070dc00000, 0x000000070de00000|  0%| F|  |TAMS 0x000000070dc00000, 0x000000070dc00000| Untracked 
|  78|0x000000070de00000, 0x000000070de00000, 0x000000070e000000|  0%| F|  |TAMS 0x000000070de00000, 0x000000070de00000| Untracked 
|  79|0x000000070e000000, 0x000000070e000000, 0x000000070e200000|  0%| F|  |TAMS 0x000000070e000000, 0x000000070e000000| Untracked 
|  80|0x000000070e200000, 0x000000070e200000, 0x000000070e400000|  0%| F|  |TAMS 0x000000070e200000, 0x000000070e200000| Untracked 
|  81|0x000000070e400000, 0x000000070e400000, 0x000000070e600000|  0%| F|  |TAMS 0x000000070e400000, 0x000000070e400000| Untracked 
|  82|0x000000070e600000, 0x000000070e600000, 0x000000070e800000|  0%| F|  |TAMS 0x000000070e600000, 0x000000070e600000| Untracked 
|  83|0x000000070e800000, 0x000000070e800000, 0x000000070ea00000|  0%| F|  |TAMS 0x000000070e800000, 0x000000070e800000| Untracked 
|  84|0x000000070ea00000, 0x000000070ea00000, 0x000000070ec00000|  0%| F|  |TAMS 0x000000070ea00000, 0x000000070ea00000| Untracked 
|  85|0x000000070ec00000, 0x000000070ec00000, 0x000000070ee00000|  0%| F|  |TAMS 0x000000070ec00000, 0x000000070ec00000| Untracked 
|  86|0x000000070ee00000, 0x000000070ee00000, 0x000000070f000000|  0%| F|  |TAMS 0x000000070ee00000, 0x000000070ee00000| Untracked 
|  87|0x000000070f000000, 0x000000070f000000, 0x000000070f200000|  0%| F|  |TAMS 0x000000070f000000, 0x000000070f000000| Untracked 
|  88|0x000000070f200000, 0x000000070f200000, 0x000000070f400000|  0%| F|  |TAMS 0x000000070f200000, 0x000000070f200000| Untracked 
|  89|0x000000070f400000, 0x000000070f400000, 0x000000070f600000|  0%| F|  |TAMS 0x000000070f400000, 0x000000070f400000| Untracked 
|  90|0x000000070f600000, 0x000000070f600000, 0x000000070f800000|  0%| F|  |TAMS 0x000000070f600000, 0x000000070f600000| Untracked 
|  91|0x000000070f800000, 0x000000070f800000, 0x000000070fa00000|  0%| F|  |TAMS 0x000000070f800000, 0x000000070f800000| Untracked 
|  92|0x000000070fa00000, 0x000000070fa00000, 0x000000070fc00000|  0%| F|  |TAMS 0x000000070fa00000, 0x000000070fa00000| Untracked 
|  93|0x000000070fc00000, 0x000000070fc00000, 0x000000070fe00000|  0%| F|  |TAMS 0x000000070fc00000, 0x000000070fc00000| Untracked 
|  94|0x000000070fe00000, 0x000000070fe00000, 0x0000000710000000|  0%| F|  |TAMS 0x000000070fe00000, 0x000000070fe00000| Untracked 
|  95|0x0000000710000000, 0x0000000710000000, 0x0000000710200000|  0%| F|  |TAMS 0x0000000710000000, 0x0000000710000000| Untracked 
|  96|0x0000000710200000, 0x0000000710200000, 0x0000000710400000|  0%| F|  |TAMS 0x0000000710200000, 0x0000000710200000| Untracked 
|  97|0x0000000710400000, 0x0000000710400000, 0x0000000710600000|  0%| F|  |TAMS 0x0000000710400000, 0x0000000710400000| Untracked 
|  98|0x0000000710600000, 0x0000000710600000, 0x0000000710800000|  0%| F|  |TAMS 0x0000000710600000, 0x0000000710600000| Untracked 
|  99|0x0000000710800000, 0x0000000710800000, 0x0000000710a00000|  0%| F|  |TAMS 0x0000000710800000, 0x0000000710800000| Untracked 
| 100|0x0000000710a00000, 0x0000000710c00000, 0x0000000710c00000|100%| E|  |TAMS 0x0000000710a00000, 0x0000000710a00000| Complete 
| 101|0x0000000710c00000, 0x0000000710e00000, 0x0000000710e00000|100%| E|CS|TAMS 0x0000000710c00000, 0x0000000710c00000| Complete 
| 102|0x0000000710e00000, 0x0000000711000000, 0x0000000711000000|100%| E|CS|TAMS 0x0000000710e00000, 0x0000000710e00000| Complete 
| 103|0x0000000711000000, 0x0000000711200000, 0x0000000711200000|100%| E|CS|TAMS 0x0000000711000000, 0x0000000711000000| Complete 
| 104|0x0000000711200000, 0x0000000711400000, 0x0000000711400000|100%| E|CS|TAMS 0x0000000711200000, 0x0000000711200000| Complete 
| 105|0x0000000711400000, 0x0000000711600000, 0x0000000711600000|100%| E|CS|TAMS 0x0000000711400000, 0x0000000711400000| Complete 
| 106|0x0000000711600000, 0x0000000711800000, 0x0000000711800000|100%| E|CS|TAMS 0x0000000711600000, 0x0000000711600000| Complete 
| 107|0x0000000711800000, 0x0000000711a00000, 0x0000000711a00000|100%| E|CS|TAMS 0x0000000711800000, 0x0000000711800000| Complete 
| 125|0x0000000713c00000, 0x0000000713e00000, 0x0000000713e00000|100%| E|CS|TAMS 0x0000000713c00000, 0x0000000713c00000| Complete 
|2013|0x00000007ffc00000, 0x00000007ffe00000, 0x00000007ffe00000|100%| O|  |TAMS 0x00000007ffe00000, 0x00000007ffc00000| Untracked 
|2014|0x00000007ffe00000, 0x0000000800000000, 0x0000000800000000|100%| O|  |TAMS 0x0000000800000000, 0x00000007ffe00000| Untracked 

Card table byte_map: [0x0000023431150000,0x0000023431930000] _byte_map_base: 0x000002342d92f000

Marking Bits (Prev, Next): (CMBitMap*) 0x00000234195bdc50, (CMBitMap*) 0x00000234195bdc90
 Prev Bits: [0x0000023432110000, 0x0000023436008000)
 Next Bits: [0x0000023436010000, 0x0000023439f08000)

Polling page: 0x0000023417b70000

Metaspace:

Usage:
  Non-class:     27.30 MB used.
      Class:      3.41 MB used.
       Both:     30.71 MB used.

Virtual space:
  Non-class space:       64.00 MB reserved,      27.56 MB ( 43%) committed,  1 nodes.
      Class space:        1.00 GB reserved,       3.56 MB ( <1%) committed,  1 nodes.
             Both:        1.06 GB reserved,      31.12 MB (  3%) committed. 

Chunk freelists:
   Non-Class:  3.98 MB
       Class:  12.39 MB
        Both:  16.38 MB

MaxMetaspaceSize: unlimited
CompressedClassSpaceSize: 1.00 GB
Initial GC threshold: 21.00 MB
Current GC threshold: 49.31 MB
CDS: on
MetaspaceReclaimPolicy: balanced
 - commit_granule_bytes: 65536.
 - commit_granule_words: 8192.
 - virtual_space_node_default_size: 8388608.
 - enlarge_chunks_in_place: 1.
 - new_chunks_are_fully_committed: 0.
 - uncommit_free_chunks: 1.
 - use_allocation_guard: 0.
 - handle_deallocations: 1.


Internal statistics:

num_allocs_failed_limit: 3.
num_arena_births: 252.
num_arena_deaths: 0.
num_vsnodes_births: 2.
num_vsnodes_deaths: 0.
num_space_committed: 498.
num_space_uncommitted: 0.
num_chunks_returned_to_freelist: 3.
num_chunks_taken_from_freelist: 1480.
num_chunk_merges: 3.
num_chunk_splits: 1001.
num_chunks_enlarged: 722.
num_inconsistent_stats: 0.

CodeHeap 'non-profiled nmethods': size=120000Kb used=5069Kb max_used=5367Kb free=114930Kb
 bounds [0x00000234289e0000, 0x0000023428f20000, 0x000002342ff10000]
CodeHeap 'profiled nmethods': size=120000Kb used=15530Kb max_used=17389Kb free=104469Kb
 bounds [0x0000023420f10000, 0x0000023422010000, 0x0000023428440000]
CodeHeap 'non-nmethods': size=5760Kb used=1231Kb max_used=1335Kb free=4528Kb
 bounds [0x0000023428440000, 0x00000234286b0000, 0x00000234289e0000]
 total_blobs=7587 nmethods=7064 adapters=435
 compilation: enabled
              stopped_count=0, restarted_count=0
 full_count=0

Compilation events (20 events):
Event: 29.452 Thread 0x000002343c9ac7b0 nmethod 8560 0x0000023421514890 code [0x0000023421514aa0, 0x0000023421515198]
Event: 29.452 Thread 0x000002343c9ac7b0 8563       3       com.sun.tools.javac.code.Type$JCPrimitiveType::getKind (96 bytes)
Event: 29.452 Thread 0x000002343c9ac7b0 nmethod 8563 0x0000023421d8e910 code [0x0000023421d8eb00, 0x0000023421d8efc8]
Event: 29.452 Thread 0x000002343c9ac7b0 8561       3       com.sun.tools.javac.code.Types$TypeMapping$$Lambda$376/0x000002343e321c78::<init> (15 bytes)
Event: 29.453 Thread 0x000002343c9ac7b0 nmethod 8561 0x00000234219e9a10 code [0x00000234219e9bc0, 0x00000234219e9df8]
Event: 29.454 Thread 0x000002343c9ac7b0 8564       3       com.sun.tools.javac.code.Types::isSubtype (8 bytes)
Event: 29.455 Thread 0x000002343c9ac7b0 nmethod 8564 0x00000234212c8990 code [0x00000234212c8b20, 0x00000234212c8c68]
Event: 29.455 Thread 0x000002343c9ac7b0 8565       3       org.mapstruct.ap.internal.util.AbstractTypeUtilsDecorator::isSubtypeErased (20 bytes)
Event: 29.455 Thread 0x000002343c9ac7b0 nmethod 8565 0x0000023420f42b90 code [0x0000023420f42d60, 0x0000023420f432a8]
Event: 29.455 Thread 0x000002343c9ac7b0 8566       1       com.sun.tools.javac.tree.JCTree$JCIdent::getName (5 bytes)
Event: 29.455 Thread 0x000002343c9ac7b0 nmethod 8566 0x0000023428d1c610 code [0x0000023428d1c7a0, 0x0000023428d1c878]
Event: 29.456 Thread 0x000002343c9ac7b0 8568       3       com.sun.tools.javac.model.JavacTypes::isSubtype (32 bytes)
Event: 29.457 Thread 0x000002343c9ac7b0 nmethod 8568 0x0000023420f6f810 code [0x0000023420f6fa80, 0x0000023420f70488]
Event: 29.457 Thread 0x000002343c9ac7b0 8570       3       com.sun.tools.javac.code.Symbol$ClassSymbol::getQualifiedName (5 bytes)
Event: 29.457 Thread 0x000002343c9ac7b0 nmethod 8570 0x00000234212e1610 code [0x00000234212e17a0, 0x00000234212e18d8]
Event: 29.457 Thread 0x000002343c9ac7b0 8569       1       org.mapstruct.ap.internal.util.RoundContext::getAnnotationProcessorContext (5 bytes)
Event: 29.457 Thread 0x000002343c9ac7b0 nmethod 8569 0x0000023428ba8010 code [0x0000023428ba81a0, 0x0000023428ba8278]
Event: 29.462 Thread 0x000002343c9ac7b0 8571       3       com.sun.tools.javac.code.Types$4::visitType (10 bytes)
Event: 29.462 Thread 0x000002343c9ac7b0 nmethod 8571 0x00000234212e8c90 code [0x00000234212e8e40, 0x00000234212e9088]
Event: 29.462 Thread 0x000002343c9ac7b0 8572       3       com.sun.tools.javac.code.Types$4::visitType (269 bytes)

GC Heap History (20 events):
Event: 19.961 GC heap before
{Heap before GC invocations=4 (full 0):
 garbage-first heap   total 258048K, used 126988K [0x0000000704200000, 0x0000000800000000)
  region size 2048K, 59 young (120832K), 7 survivors (14336K)
 Metaspace       used 21221K, committed 21504K, reserved 1114112K
  class space    used 2428K, committed 2560K, reserved 1048576K
}
Event: 19.976 GC heap after
{Heap after GC invocations=5 (full 0):
 garbage-first heap   total 258048K, used 28729K [0x0000000704200000, 0x0000000800000000)
  region size 2048K, 6 young (12288K), 6 survivors (12288K)
 Metaspace       used 21221K, committed 21504K, reserved 1114112K
  class space    used 2428K, committed 2560K, reserved 1048576K
}
Event: 21.373 GC heap before
{Heap before GC invocations=6 (full 0):
 garbage-first heap   total 110592K, used 81977K [0x0000000704200000, 0x0000000800000000)
  region size 2048K, 32 young (65536K), 6 survivors (12288K)
 Metaspace       used 26101K, committed 26432K, reserved 1114112K
  class space    used 2962K, committed 3136K, reserved 1048576K
}
Event: 21.400 GC heap after
{Heap after GC invocations=7 (full 0):
 garbage-first heap   total 114688K, used 44656K [0x0000000704200000, 0x0000000800000000)
  region size 2048K, 4 young (8192K), 4 survivors (8192K)
 Metaspace       used 26101K, committed 26432K, reserved 1114112K
  class space    used 2962K, committed 3136K, reserved 1048576K
}
Event: 21.434 GC heap before
{Heap before GC invocations=7 (full 0):
 garbage-first heap   total 114688K, used 46704K [0x0000000704200000, 0x0000000800000000)
  region size 2048K, 5 young (10240K), 4 survivors (8192K)
 Metaspace       used 26101K, committed 26432K, reserved 1114112K
  class space    used 2962K, committed 3136K, reserved 1048576K
}
Event: 21.446 GC heap after
{Heap after GC invocations=8 (full 0):
 garbage-first heap   total 114688K, used 47686K [0x0000000704200000, 0x0000000800000000)
  region size 2048K, 1 young (2048K), 1 survivors (2048K)
 Metaspace       used 26101K, committed 26432K, reserved 1114112K
  class space    used 2962K, committed 3136K, reserved 1048576K
}
Event: 22.154 GC heap before
{Heap before GC invocations=8 (full 0):
 garbage-first heap   total 114688K, used 80454K [0x0000000704200000, 0x0000000800000000)
  region size 2048K, 17 young (34816K), 1 survivors (2048K)
 Metaspace       used 26925K, committed 27264K, reserved 1114112K
  class space    used 3034K, committed 3200K, reserved 1048576K
}
Event: 22.177 GC heap after
{Heap after GC invocations=9 (full 0):
 garbage-first heap   total 114688K, used 56320K [0x0000000704200000, 0x0000000800000000)
  region size 2048K, 3 young (6144K), 3 survivors (6144K)
 Metaspace       used 26925K, committed 27264K, reserved 1114112K
  class space    used 3034K, committed 3200K, reserved 1048576K
}
Event: 22.489 GC heap before
{Heap before GC invocations=9 (full 0):
 garbage-first heap   total 114688K, used 68608K [0x0000000704200000, 0x0000000800000000)
  region size 2048K, 10 young (20480K), 3 survivors (6144K)
 Metaspace       used 27067K, committed 27456K, reserved 1114112K
  class space    used 3038K, committed 3200K, reserved 1048576K
}
Event: 22.509 GC heap after
{Heap after GC invocations=10 (full 0):
 garbage-first heap   total 114688K, used 59640K [0x0000000704200000, 0x0000000800000000)
  region size 2048K, 2 young (4096K), 2 survivors (4096K)
 Metaspace       used 27067K, committed 27456K, reserved 1114112K
  class space    used 3038K, committed 3200K, reserved 1048576K
}
Event: 24.008 GC heap before
{Heap before GC invocations=11 (full 0):
 garbage-first heap   total 114688K, used 84216K [0x0000000704200000, 0x0000000800000000)
  region size 2048K, 14 young (28672K), 2 survivors (4096K)
 Metaspace       used 28350K, committed 28736K, reserved 1114112K
  class space    used 3167K, committed 3328K, reserved 1048576K
}
Event: 24.022 GC heap after
{Heap after GC invocations=12 (full 0):
 garbage-first heap   total 114688K, used 63853K [0x0000000704200000, 0x0000000800000000)
  region size 2048K, 1 young (2048K), 1 survivors (2048K)
 Metaspace       used 28350K, committed 28736K, reserved 1114112K
  class space    used 3167K, committed 3328K, reserved 1048576K
}
Event: 24.900 GC heap before
{Heap before GC invocations=12 (full 0):
 garbage-first heap   total 114688K, used 88429K [0x0000000704200000, 0x0000000800000000)
  region size 2048K, 13 young (26624K), 1 survivors (2048K)
 Metaspace       used 29363K, committed 29696K, reserved 1114112K
  class space    used 3262K, committed 3392K, reserved 1048576K
}
Event: 24.916 GC heap after
{Heap after GC invocations=13 (full 0):
 garbage-first heap   total 114688K, used 64154K [0x0000000704200000, 0x0000000800000000)
  region size 2048K, 2 young (4096K), 2 survivors (4096K)
 Metaspace       used 29363K, committed 29696K, reserved 1114112K
  class space    used 3262K, committed 3392K, reserved 1048576K
}
Event: 26.178 GC heap before
{Heap before GC invocations=14 (full 0):
 garbage-first heap   total 116736K, used 88730K [0x0000000704200000, 0x0000000800000000)
  region size 2048K, 14 young (28672K), 2 survivors (4096K)
 Metaspace       used 29802K, committed 30144K, reserved 1114112K
  class space    used 3301K, committed 3456K, reserved 1048576K
}
Event: 26.193 GC heap after
{Heap after GC invocations=15 (full 0):
 garbage-first heap   total 116736K, used 65651K [0x0000000704200000, 0x0000000800000000)
  region size 2048K, 1 young (2048K), 1 survivors (2048K)
 Metaspace       used 29802K, committed 30144K, reserved 1114112K
  class space    used 3301K, committed 3456K, reserved 1048576K
}
Event: 26.632 GC heap before
{Heap before GC invocations=15 (full 0):
 garbage-first heap   total 116736K, used 92275K [0x0000000704200000, 0x0000000800000000)
  region size 2048K, 14 young (28672K), 1 survivors (2048K)
 Metaspace       used 29965K, committed 30272K, reserved 1114112K
  class space    used 3321K, committed 3456K, reserved 1048576K
}
Event: 26.647 GC heap after
{Heap after GC invocations=16 (full 0):
 garbage-first heap   total 227328K, used 66587K [0x0000000704200000, 0x0000000800000000)
  region size 2048K, 2 young (4096K), 2 survivors (4096K)
 Metaspace       used 29965K, committed 30272K, reserved 1114112K
  class space    used 3321K, committed 3456K, reserved 1048576K
}
Event: 27.808 GC heap before
{Heap before GC invocations=17 (full 0):
 garbage-first heap   total 227328K, used 166939K [0x0000000704200000, 0x0000000800000000)
  region size 2048K, 51 young (104448K), 2 survivors (4096K)
 Metaspace       used 30079K, committed 30400K, reserved 1114112K
  class space    used 3327K, committed 3456K, reserved 1048576K
}
Event: 27.824 GC heap after
{Heap after GC invocations=18 (full 0):
 garbage-first heap   total 227328K, used 70394K [0x0000000704200000, 0x0000000800000000)
  region size 2048K, 4 young (8192K), 4 survivors (8192K)
 Metaspace       used 30079K, committed 30400K, reserved 1114112K
  class space    used 3327K, committed 3456K, reserved 1048576K
}

Deoptimization events (20 events):
Event: 29.441 Thread 0x0000023419550860 Uncommon trap: trap_request=0xffffffc6 fr.pc=0x0000023428a7dd44 relative=0x0000000000000b64
Event: 29.441 Thread 0x0000023419550860 Uncommon trap: reason=bimorphic_or_optimized_type_check action=maybe_recompile pc=0x0000023428a7dd44 method=com.sun.tools.javac.code.Types$16.visitClassType(Lcom/sun/tools/javac/code/Type$ClassType;Ljava/lang/Void;)Lcom/sun/tools/javac/util/List; @ 46 c2
Event: 29.441 Thread 0x0000023419550860 DEOPT PACKING pc=0x0000023428a7dd44 sp=0x00000048d20fc3d0
Event: 29.441 Thread 0x0000023419550860 DEOPT UNPACKING pc=0x0000023428495ba3 sp=0x00000048d20fc390 mode 2
Event: 29.444 Thread 0x0000023419550860 Uncommon trap: trap_request=0xffffffc6 fr.pc=0x0000023428bf66b4 relative=0x0000000000000c74
Event: 29.444 Thread 0x0000023419550860 Uncommon trap: reason=bimorphic_or_optimized_type_check action=maybe_recompile pc=0x0000023428bf66b4 method=com.sun.tools.javac.code.Types$15.visitClassType(Lcom/sun/tools/javac/code/Type$ClassType;Ljava/lang/Void;)Lcom/sun/tools/javac/code/Type; @ 19 c2
Event: 29.444 Thread 0x0000023419550860 DEOPT PACKING pc=0x0000023428bf66b4 sp=0x00000048d20fc3d0
Event: 29.444 Thread 0x0000023419550860 DEOPT UNPACKING pc=0x0000023428495ba3 sp=0x00000048d20fc390 mode 2
Event: 29.444 Thread 0x0000023419550860 Uncommon trap: trap_request=0xffffffc6 fr.pc=0x0000023428a7dd44 relative=0x0000000000000b64
Event: 29.444 Thread 0x0000023419550860 Uncommon trap: reason=bimorphic_or_optimized_type_check action=maybe_recompile pc=0x0000023428a7dd44 method=com.sun.tools.javac.code.Types$16.visitClassType(Lcom/sun/tools/javac/code/Type$ClassType;Ljava/lang/Void;)Lcom/sun/tools/javac/util/List; @ 46 c2
Event: 29.444 Thread 0x0000023419550860 DEOPT PACKING pc=0x0000023428a7dd44 sp=0x00000048d20fc3d0
Event: 29.444 Thread 0x0000023419550860 DEOPT UNPACKING pc=0x0000023428495ba3 sp=0x00000048d20fc390 mode 2
Event: 29.448 Thread 0x0000023419550860 Uncommon trap: trap_request=0xffffffc6 fr.pc=0x0000023428bf66b4 relative=0x0000000000000c74
Event: 29.448 Thread 0x0000023419550860 Uncommon trap: reason=bimorphic_or_optimized_type_check action=maybe_recompile pc=0x0000023428bf66b4 method=com.sun.tools.javac.code.Types$15.visitClassType(Lcom/sun/tools/javac/code/Type$ClassType;Ljava/lang/Void;)Lcom/sun/tools/javac/code/Type; @ 19 c2
Event: 29.448 Thread 0x0000023419550860 DEOPT PACKING pc=0x0000023428bf66b4 sp=0x00000048d20fc3d0
Event: 29.448 Thread 0x0000023419550860 DEOPT UNPACKING pc=0x0000023428495ba3 sp=0x00000048d20fc390 mode 2
Event: 29.448 Thread 0x0000023419550860 Uncommon trap: trap_request=0xffffffc6 fr.pc=0x0000023428a7dd44 relative=0x0000000000000b64
Event: 29.448 Thread 0x0000023419550860 Uncommon trap: reason=bimorphic_or_optimized_type_check action=maybe_recompile pc=0x0000023428a7dd44 method=com.sun.tools.javac.code.Types$16.visitClassType(Lcom/sun/tools/javac/code/Type$ClassType;Ljava/lang/Void;)Lcom/sun/tools/javac/util/List; @ 46 c2
Event: 29.448 Thread 0x0000023419550860 DEOPT PACKING pc=0x0000023428a7dd44 sp=0x00000048d20fc3d0
Event: 29.448 Thread 0x0000023419550860 DEOPT UNPACKING pc=0x0000023428495ba3 sp=0x00000048d20fc390 mode 2

Classes unloaded (0 events):
No events

Classes redefined (0 events):
No events

Internal exceptions (20 events):
Event: 28.992 Thread 0x0000023419550860 Exception <a 'sun/nio/fs/WindowsException'{0x0000000711560bf0}> (0x0000000711560bf0) 
thrown [s\open\src\hotspot\share\prims\jni.cpp, line 516]
Event: 28.992 Thread 0x0000023419550860 Exception <a 'sun/nio/fs/WindowsException'{0x0000000711560f38}> (0x0000000711560f38) 
thrown [s\open\src\hotspot\share\prims\jni.cpp, line 516]
Event: 28.993 Thread 0x0000023419550860 Exception <a 'sun/nio/fs/WindowsException'{0x0000000711562430}> (0x0000000711562430) 
thrown [s\open\src\hotspot\share\prims\jni.cpp, line 516]
Event: 28.993 Thread 0x0000023419550860 Exception <a 'sun/nio/fs/WindowsException'{0x0000000711562800}> (0x0000000711562800) 
thrown [s\open\src\hotspot\share\prims\jni.cpp, line 516]
Event: 29.073 Thread 0x0000023419550860 Exception <a 'sun/nio/fs/WindowsException'{0x000000071131ce10}> (0x000000071131ce10) 
thrown [s\open\src\hotspot\share\prims\jni.cpp, line 516]
Event: 29.073 Thread 0x0000023419550860 Exception <a 'sun/nio/fs/WindowsException'{0x000000071131d108}> (0x000000071131d108) 
thrown [s\open\src\hotspot\share\prims\jni.cpp, line 516]
Event: 29.073 Thread 0x0000023419550860 Exception <a 'sun/nio/fs/WindowsException'{0x000000071131e4d8}> (0x000000071131e4d8) 
thrown [s\open\src\hotspot\share\prims\jni.cpp, line 516]
Event: 29.074 Thread 0x0000023419550860 Exception <a 'sun/nio/fs/WindowsException'{0x000000071131e778}> (0x000000071131e778) 
thrown [s\open\src\hotspot\share\prims\jni.cpp, line 516]
Event: 29.074 Thread 0x0000023419550860 Exception <a 'sun/nio/fs/WindowsException'{0x000000071131fd58}> (0x000000071131fd58) 
thrown [s\open\src\hotspot\share\prims\jni.cpp, line 516]
Event: 29.074 Thread 0x0000023419550860 Exception <a 'sun/nio/fs/WindowsException'{0x0000000711320048}> (0x0000000711320048) 
thrown [s\open\src\hotspot\share\prims\jni.cpp, line 516]
Event: 29.074 Thread 0x0000023419550860 Exception <a 'sun/nio/fs/WindowsException'{0x00000007113214f0}> (0x00000007113214f0) 
thrown [s\open\src\hotspot\share\prims\jni.cpp, line 516]
Event: 29.074 Thread 0x0000023419550860 Exception <a 'sun/nio/fs/WindowsException'{0x0000000711321870}> (0x0000000711321870) 
thrown [s\open\src\hotspot\share\prims\jni.cpp, line 516]
Event: 29.074 Thread 0x0000023419550860 Exception <a 'sun/nio/fs/WindowsException'{0x0000000711323970}> (0x0000000711323970) 
thrown [s\open\src\hotspot\share\prims\jni.cpp, line 516]
Event: 29.074 Thread 0x0000023419550860 Exception <a 'sun/nio/fs/WindowsException'{0x0000000711323cb0}> (0x0000000711323cb0) 
thrown [s\open\src\hotspot\share\prims\jni.cpp, line 516]
Event: 29.074 Thread 0x0000023419550860 Exception <a 'sun/nio/fs/WindowsException'{0x0000000711325128}> (0x0000000711325128) 
thrown [s\open\src\hotspot\share\prims\jni.cpp, line 516]
Event: 29.074 Thread 0x0000023419550860 Exception <a 'sun/nio/fs/WindowsException'{0x0000000711325418}> (0x0000000711325418) 
thrown [s\open\src\hotspot\share\prims\jni.cpp, line 516]
Event: 29.075 Thread 0x0000023419550860 Exception <a 'sun/nio/fs/WindowsException'{0x0000000711326a90}> (0x0000000711326a90) 
thrown [s\open\src\hotspot\share\prims\jni.cpp, line 516]
Event: 29.075 Thread 0x0000023419550860 Exception <a 'sun/nio/fs/WindowsException'{0x0000000711326dc0}> (0x0000000711326dc0) 
thrown [s\open\src\hotspot\share\prims\jni.cpp, line 516]
Event: 29.075 Thread 0x0000023419550860 Exception <a 'sun/nio/fs/WindowsException'{0x00000007113282b0}> (0x00000007113282b0) 
thrown [s\open\src\hotspot\share\prims\jni.cpp, line 516]
Event: 29.075 Thread 0x0000023419550860 Exception <a 'sun/nio/fs/WindowsException'{0x0000000711328670}> (0x0000000711328670) 
thrown [s\open\src\hotspot\share\prims\jni.cpp, line 516]

VM Operations (20 events):
Event: 26.791 Executing VM operation: G1Concurrent
Event: 26.791 Executing VM operation: G1Concurrent done
Event: 27.586 Executing VM operation: HandshakeAllThreads
Event: 27.586 Executing VM operation: HandshakeAllThreads done
Event: 27.665 Executing VM operation: HandshakeAllThreads
Event: 27.671 Executing VM operation: HandshakeAllThreads done
Event: 27.697 Executing VM operation: HandshakeAllThreads
Event: 27.697 Executing VM operation: HandshakeAllThreads done
Event: 27.808 Executing VM operation: G1CollectForAllocation
Event: 27.824 Executing VM operation: G1CollectForAllocation done
Event: 28.830 Executing VM operation: Cleanup
Event: 28.830 Executing VM operation: Cleanup done
Event: 29.128 Executing VM operation: HandshakeAllThreads
Event: 29.128 Executing VM operation: HandshakeAllThreads done
Event: 29.143 Executing VM operation: HandshakeAllThreads
Event: 29.143 Executing VM operation: HandshakeAllThreads done
Event: 29.173 Executing VM operation: HandshakeAllThreads
Event: 29.173 Executing VM operation: HandshakeAllThreads done
Event: 30.180 Executing VM operation: Cleanup
Event: 30.180 Executing VM operation: Cleanup done

Events (20 events):
Event: 27.718 Thread 0x000002343c9ad860 flushing nmethod 0x0000023421ef6310
Event: 27.718 Thread 0x000002343c9ad860 flushing nmethod 0x0000023421efc510
Event: 27.718 Thread 0x000002343c9ad860 flushing nmethod 0x0000023421f00b10
Event: 27.718 Thread 0x000002343c9ad860 flushing nmethod 0x0000023421f04210
Event: 27.718 Thread 0x000002343c9ad860 flushing nmethod 0x0000023421f1a510
Event: 27.718 Thread 0x000002343c9ad860 flushing nmethod 0x0000023421f42290
Event: 27.718 Thread 0x000002343c9ad860 flushing nmethod 0x0000023421f44a90
Event: 27.718 Thread 0x000002343c9ad860 flushing nmethod 0x0000023421f4a990
Event: 27.718 Thread 0x000002343c9ad860 flushing nmethod 0x0000023421f55b10
Event: 27.718 Thread 0x000002343c9ad860 flushing nmethod 0x0000023421f58290
Event: 27.718 Thread 0x000002343c9ad860 flushing nmethod 0x0000023421f5a190
Event: 27.718 Thread 0x000002343c9ad860 flushing nmethod 0x0000023421f63790
Event: 27.718 Thread 0x000002343c9ad860 flushing nmethod 0x0000023421f65b90
Event: 27.718 Thread 0x000002343c9ad860 flushing nmethod 0x0000023421f66f10
Event: 27.718 Thread 0x000002343c9ad860 flushing nmethod 0x0000023421f6e190
Event: 27.718 Thread 0x000002343c9ad860 flushing nmethod 0x0000023421f70110
Event: 27.718 Thread 0x000002343c9ad860 flushing nmethod 0x0000023421f73410
Event: 28.936 Thread 0x000002340657f9a0 Thread added: 0x000002340657f9a0
Event: 29.141 loading class jdk/internal/reflect/UnsafeQualifiedStaticBooleanFieldAccessorImpl
Event: 29.142 loading class jdk/internal/reflect/UnsafeQualifiedStaticBooleanFieldAccessorImpl done


Dynamic libraries:
0x00007ff6d5740000 - 0x00007ff6d5750000 	C:\Program Files\Java\jdk-17\bin\java.exe
0x00007ffecf900000 - 0x00007ffecfb65000 	C:\WINDOWS\SYSTEM32\ntdll.dll
0x00007ffecef20000 - 0x00007ffecefe9000 	C:\WINDOWS\System32\KERNEL32.DLL
0x00007ffecd280000 - 0x00007ffecd668000 	C:\WINDOWS\System32\KERNELBASE.dll
0x00007ffeccbd0000 - 0x00007ffeccd1b000 	C:\WINDOWS\System32\ucrtbase.dll
0x00007ffeba6f0000 - 0x00007ffeba70b000 	C:\Program Files\Java\jdk-17\bin\VCRUNTIME140.dll
0x00007ffeba9c0000 - 0x00007ffeba9d9000 	C:\Program Files\Java\jdk-17\bin\jli.dll
0x00007ffecea00000 - 0x00007ffeceab3000 	C:\WINDOWS\System32\ADVAPI32.dll
0x00007ffece040000 - 0x00007ffece0e9000 	C:\WINDOWS\System32\msvcrt.dll
0x00007ffeceac0000 - 0x00007ffeceb66000 	C:\WINDOWS\System32\sechost.dll
0x00007ffecf030000 - 0x00007ffecf145000 	C:\WINDOWS\System32\RPCRT4.dll
0x00007ffece820000 - 0x00007ffece9ea000 	C:\WINDOWS\System32\USER32.dll
0x00007ffecd670000 - 0x00007ffecd697000 	C:\WINDOWS\System32\win32u.dll
0x00007ffebd550000 - 0x00007ffebd7ea000 	C:\WINDOWS\WinSxS\amd64_microsoft.windows.common-controls_6595b64144ccf1df_6.0.26100.4202_none_3e0698d4e335f517\COMCTL32.dll
0x00007ffecf700000 - 0x00007ffecf72b000 	C:\WINDOWS\System32\GDI32.dll
0x00007ffecce90000 - 0x00007ffeccfc7000 	C:\WINDOWS\System32\gdi32full.dll
0x00007ffeccde0000 - 0x00007ffecce83000 	C:\WINDOWS\System32\msvcp_win.dll
0x00007ffebe470000 - 0x00007ffebe47b000 	C:\WINDOWS\SYSTEM32\VERSION.dll
0x00007ffeceff0000 - 0x00007ffecf020000 	C:\WINDOWS\System32\IMM32.DLL
0x00007ffec91d0000 - 0x00007ffec91dc000 	C:\Program Files\Java\jdk-17\bin\vcruntime140_1.dll
0x00007ffeaf840000 - 0x00007ffeaf8ce000 	C:\Program Files\Java\jdk-17\bin\msvcp140.dll
0x00007ffe86700000 - 0x00007ffe872e1000 	C:\Program Files\Java\jdk-17\bin\server\jvm.dll
0x00007ffece3e0000 - 0x00007ffece3e8000 	C:\WINDOWS\System32\PSAPI.DLL
0x00007ffeaa520000 - 0x00007ffeaa52a000 	C:\WINDOWS\SYSTEM32\WSOCK32.dll
0x00007ffec30b0000 - 0x00007ffec30e5000 	C:\WINDOWS\SYSTEM32\WINMM.dll
0x00007ffecf730000 - 0x00007ffecf7a4000 	C:\WINDOWS\System32\WS2_32.dll
0x00007ffecb770000 - 0x00007ffecb78b000 	C:\WINDOWS\SYSTEM32\kernel.appcore.dll
0x00007ffec5bb0000 - 0x00007ffec5bba000 	C:\Program Files\Java\jdk-17\bin\jimage.dll
0x00007ffeca290000 - 0x00007ffeca4d1000 	C:\WINDOWS\SYSTEM32\DBGHELP.DLL
0x00007ffece3f0000 - 0x00007ffece775000 	C:\WINDOWS\System32\combase.dll
0x00007ffece2d0000 - 0x00007ffece3b1000 	C:\WINDOWS\System32\OLEAUT32.dll
0x00007ffec91f0000 - 0x00007ffec9229000 	C:\WINDOWS\SYSTEM32\dbgcore.DLL
0x00007ffeccfd0000 - 0x00007ffecd069000 	C:\WINDOWS\System32\bcryptPrimitives.dll
0x00007ffeb7b40000 - 0x00007ffeb7b65000 	C:\Program Files\Java\jdk-17\bin\java.dll
0x00007ffea5d90000 - 0x00007ffea5e67000 	C:\Program Files\Java\jdk-17\bin\jsvml.dll
0x00007ffecd6a0000 - 0x00007ffecdde2000 	C:\WINDOWS\System32\SHELL32.dll
0x00007ffecd070000 - 0x00007ffecd1e4000 	C:\WINDOWS\System32\wintypes.dll
0x00007ffeca670000 - 0x00007ffecaec8000 	C:\WINDOWS\SYSTEM32\windows.storage.dll
0x00007ffecf7b0000 - 0x00007ffecf8a1000 	C:\WINDOWS\System32\SHCORE.dll
0x00007ffecf690000 - 0x00007ffecf6fa000 	C:\WINDOWS\System32\shlwapi.dll
0x00007ffecc960000 - 0x00007ffecc98f000 	C:\WINDOWS\SYSTEM32\profapi.dll
0x00007ffeb97e0000 - 0x00007ffeb97f9000 	C:\Program Files\Java\jdk-17\bin\net.dll
0x00007ffec5bd0000 - 0x00007ffec5cee000 	C:\WINDOWS\SYSTEM32\WINHTTP.dll
0x00007ffecbd20000 - 0x00007ffecbd8a000 	C:\WINDOWS\system32\mswsock.dll
0x00007ffeb7b20000 - 0x00007ffeb7b36000 	C:\Program Files\Java\jdk-17\bin\nio.dll
0x00007ffeb7a10000 - 0x00007ffeb7a28000 	C:\Program Files\Java\jdk-17\bin\zip.dll
0x00007ffeaf910000 - 0x00007ffeaf934000 	C:\Users\us\Downloads\apache-maven-3.9.9-bin\apache-maven-3.9.9\lib\jansi-native\Windows\x86_64\jansi.dll
0x00007ffec4d00000 - 0x00007ffec4d10000 	C:\Program Files\Java\jdk-17\bin\verify.dll
0x00007ffecb8f0000 - 0x00007ffecb926000 	C:\WINDOWS\SYSTEM32\ntmarta.dll

dbghelp: loaded successfully - version: 4.0.5 - missing functions: none
symbol engine: initialized successfully - sym options: 0x614 - pdb path: .;C:\Program Files\Java\jdk-17\bin;C:\WINDOWS\SYSTEM32;C:\WINDOWS\WinSxS\amd64_microsoft.windows.common-controls_6595b64144ccf1df_6.0.26100.4202_none_3e0698d4e335f517;C:\Program Files\Java\jdk-17\bin\server;C:\Users\us\Downloads\apache-maven-3.9.9-bin\apache-maven-3.9.9\lib\jansi-native\Windows\x86_64

VM Arguments:
jvm_args: -Dclassworlds.conf=C:\Users\us\Downloads\apache-maven-3.9.9-bin\apache-maven-3.9.9\bin\m2.conf -Dmaven.home=C:\Users\us\Downloads\apache-maven-3.9.9-bin\apache-maven-3.9.9 -Dlibrary.jansi.path=C:\Users\us\Downloads\apache-maven-3.9.9-bin\apache-maven-3.9.9\lib\jansi-native -Dmaven.multiModuleProjectDirectory=C:\Karthik new workspace\New Module\DATEPROJECT 
java_command: org.codehaus.plexus.classworlds.launcher.Launcher clean install
java_class_path (initial): C:\Users\us\Downloads\apache-maven-3.9.9-bin\apache-maven-3.9.9\boot\plexus-classworlds-2.8.0.jar
Launcher Type: SUN_STANDARD

[Global flags]
     intx CICompilerCount                          = 4                                         {product} {ergonomic}
     uint ConcGCThreads                            = 2                                         {product} {ergonomic}
     uint G1ConcRefinementThreads                  = 8                                         {product} {ergonomic}
   size_t G1HeapRegionSize                         = 2097152                                   {product} {ergonomic}
    uintx GCDrainStackTargetSize                   = 64                                        {product} {ergonomic}
   size_t InitialHeapSize                          = 264241152                                 {product} {ergonomic}
   size_t MarkStackSize                            = 4194304                                   {product} {ergonomic}
   size_t MaxHeapSize                              = 4225761280                                {product} {ergonomic}
   size_t MaxNewSize                               = 2535456768                                {product} {ergonomic}
   size_t MinHeapDeltaBytes                        = 2097152                                   {product} {ergonomic}
   size_t MinHeapSize                              = 8388608                                   {product} {ergonomic}
    uintx NonNMethodCodeHeapSize                   = 5839372                                {pd product} {ergonomic}
    uintx NonProfiledCodeHeapSize                  = 122909434                              {pd product} {ergonomic}
    uintx ProfiledCodeHeapSize                     = 122909434                              {pd product} {ergonomic}
    uintx ReservedCodeCacheSize                    = 251658240                              {pd product} {ergonomic}
     bool SegmentedCodeCache                       = true                                      {product} {ergonomic}
   size_t SoftMaxHeapSize                          = 4225761280                             {manageable} {ergonomic}
     bool UseCompressedClassPointers               = true                           {product lp64_product} {ergonomic}
     bool UseCompressedOops                        = true                           {product lp64_product} {ergonomic}
     bool UseG1GC                                  = true                                      {product} {ergonomic}
     bool UseLargePagesIndividualAllocation        = false                                  {pd product} {ergonomic}

Logging:
Log output configuration:
 #0: stdout all=warning uptime,level,tags
 #1: stderr all=off uptime,level,tags

Environment Variables:
PATH=C:\Python313\Scripts\;C:\Python313\;C:\WINDOWS\system32;C:\WINDOWS;C:\WINDOWS\System32\Wbem;C:\WINDOWS\System32\WindowsPowerShell\v1.0\;C:\WINDOWS\System32\OpenSSH\;C:\Program Files\Git\cmd;C:\Users\us\Downloads\apache-maven-3.9.9-bin\apache-maven-3.9.9\bin;C:\Program Files\Java\jdk-17\bin;;C:\Program Files\Git LFS;C:\ProgramData\chocolatey\bin;C:\Karthik workspace\Node.js\;c:\Users\us\AppData\Local\Programs\cursor\resources\app\bin;c:\Users\us\AppData\Local\Programs\cursor\resources\app\bin;C:\Users\us\AppData\Local\Microsoft\WindowsApps;C:\Users\us\AppData\Local\Programs\Microsoft VS Code\bin;C:\Users\us\AppData\Local\GitHubDesktop\bin;C:\Users\us\AppData\Roaming\npm;C:\Users\us\AppData\Local\Programs\cursor\resources\app\bin
USERNAME=us
LANG=en_US.UTF-8
OS=Windows_NT
PROCESSOR_IDENTIFIER=Intel64 Family 6 Model 140 Stepping 1, GenuineIntel



---------------  S Y S T E M  ---------------

OS:
 Windows 11 , 64 bit Build 26100 (10.0.26100.4202)
OS uptime: 6 days 0:40 hours
Hyper-V role detected

CPU: total 8 (initial active 8) (4 cores per cpu, 2 threads per core) family 6 model 140 stepping 1 microcode 0xb8, cx8, cmov, fxsr, ht, mmx, 3dnowpref, sse, sse2, sse3, ssse3, sse4.1, sse4.2, popcnt, lzcnt, tsc, tscinvbit, avx, avx2, aes, erms, clmul, bmi1, bmi2, adx, avx512f, avx512dq, avx512cd, avx512bw, avx512vl, sha, fma, vzeroupper, avx512_vpopcntdq, avx512_vpclmulqdq, avx512_vaes, avx512_vnni, clflush, clflushopt, clwb, avx512_vbmi2, avx512_vbmi, hv

Memory: 4k page, system-wide physical 16118M (1057M free)
TotalPageFile size 29750M (AvailPageFile size 10M)
current process WorkingSet (physical memory assigned to process): 368M, peak: 378M
current process commit charge ("private bytes"): 418M, peak: 431M

vm_info: Java HotSpot(TM) 64-Bit Server VM (17.0.14+8-LTS-191) for windows-amd64 JRE (17.0.14+8-LTS-191), built on Dec  3 2024 11:07:59 by "mach5one" with MS VC++ 17.6 (VS2022)

END.
